C51 COMPILER V9.54   DS1302                                                                05/02/2023 15:26:32 PAGE 1   


C51 COMPILER V9.54, COMPILATION OF MODULE DS1302
OBJECT MODULE PLACED IN .\Objects\DS1302.obj
COMPILER INVOKED BY: D:\Keil5\C51\BIN\C51.EXE DS1302.c OPTIMIZE(8,SPEED) BROWSE DEBUG OBJECTEXTEND PRINT(.\Listings\DS13
                    -02.lst) OBJECT(.\Objects\DS1302.obj)

line level    source

   1          #include <REGX52.H>
   2          
   3          //引脚定义
   4          sbit DS1302_SCLK=P3^5;
   5          sbit DS1302_IO=P3^6;
   6          sbit DS1302_CE=P3^7;
   7          
   8          //寄存器写入地址/指令定义
   9          #define DS1302_SECOND           0x80
  10          #define DS1302_MINUTE           0x82
  11          #define DS1302_HOUR                     0x84
  12          #define DS1302_DATE                     0x86
  13          #define DS1302_MONTH            0x88
  14          #define DS1302_DAY                      0x8A
  15          #define DS1302_YEAR                     0x8C
  16          #define DS1302_WP                       0x8E
  17          
  18          //时间数组，索引0~6分别为年、月、日、时、分、秒、星期，设置为有符号的便
             -<0的判断
  19          char DS1302_Time[]={23,2,23,12,59,59,4};
  20          char Real_Time[]={0,0,0};
  21          
  22          /**
  23            * @brief  DS1302初始化
  24            * @param  无
  25            * @retval 无
  26            */
  27          void DS1302_Init(void)
  28          {
  29   1              DS1302_CE=0;
  30   1              DS1302_SCLK=0;
  31   1      }
  32          
  33          /**
  34            * @brief  DS1302写一个字节
  35            * @param  Command 命令字/地址
  36            * @param  Data 要写入的数据
  37            * @retval 无
  38            */
  39          void DS1302_WriteByte(unsigned char Command,Data)
  40          {
  41   1              unsigned char i;
  42   1              DS1302_CE=1;
  43   1              for(i=0;i<8;i++)
  44   1              {
  45   2                      DS1302_IO=Command&(0x01<<i);
  46   2                      DS1302_SCLK=1;
  47   2                      DS1302_SCLK=0;
  48   2              }
  49   1              for(i=0;i<8;i++)
  50   1              {
  51   2                      DS1302_IO=Data&(0x01<<i);
  52   2                      DS1302_SCLK=1;
  53   2                      DS1302_SCLK=0;
C51 COMPILER V9.54   DS1302                                                                05/02/2023 15:26:32 PAGE 2   

  54   2              }
  55   1              DS1302_CE=0;
  56   1      }
  57          
  58          /**
  59            * @brief  DS1302读一个字节
  60            * @param  Command 命令字/地址
  61            * @retval 读出的数据
  62            */
  63          unsigned char DS1302_ReadByte(unsigned char Command)
  64          {
  65   1              unsigned char i,Data=0x00;
  66   1              Command|=0x01;  //将指令转换为读指令
  67   1              DS1302_CE=1;
  68   1              for(i=0;i<8;i++)
  69   1              {
  70   2                      DS1302_IO=Command&(0x01<<i);
  71   2                      DS1302_SCLK=0;
  72   2                      DS1302_SCLK=1;
  73   2              }
  74   1              for(i=0;i<8;i++)
  75   1              {
  76   2                      DS1302_SCLK=1;
  77   2                      DS1302_SCLK=0;
  78   2                      if(DS1302_IO){Data|=(0x01<<i);}
  79   2              }
  80   1              DS1302_CE=0;
  81   1              DS1302_IO=0;    //读取后将IO设置为0，否则读出的数据会出错
  82   1              return Data;
  83   1      }
  84          
  85          /**
  86            * @brief  DS1302设置时间，调用之后，DS1302_Time数组的数字会被设置到DS1302中
  87            * @param  无
  88            * @retval 无
  89            */
  90          void DS1302_SetTime(void)
  91          {
  92   1              DS1302_WriteByte(DS1302_WP,0x00);
  93   1              DS1302_WriteByte(DS1302_YEAR,DS1302_Time[0]/10*16+DS1302_Time[0]%10);//十进制转BCD码后写入
  94   1              DS1302_WriteByte(DS1302_MONTH,DS1302_Time[1]/10*16+DS1302_Time[1]%10);
  95   1              DS1302_WriteByte(DS1302_DATE,DS1302_Time[2]/10*16+DS1302_Time[2]%10);
  96   1              DS1302_WriteByte(DS1302_HOUR,DS1302_Time[3]/10*16+DS1302_Time[3]%10);
  97   1              DS1302_WriteByte(DS1302_MINUTE,DS1302_Time[4]/10*16+DS1302_Time[4]%10);
  98   1              DS1302_WriteByte(DS1302_SECOND,DS1302_Time[5]/10*16+DS1302_Time[5]%10);
  99   1              DS1302_WriteByte(DS1302_DAY,DS1302_Time[6]/10*16+DS1302_Time[6]%10);
 100   1              DS1302_WriteByte(DS1302_WP,0x80);
 101   1      }
 102          
 103          /**
 104            * @brief  DS1302读取时间，调用之后，DS1302中的数据会被读取到DS1302_Time数组中
 105            * @param  无
 106            * @retval 无
 107            */
 108          void DS1302_ReadTime(void)
 109          {
 110   1              unsigned char Temp;
 111   1              Temp=DS1302_ReadByte(DS1302_YEAR);
 112   1              DS1302_Time[0]=Temp/16*10+Temp%16;//BCD码转十进制后读取
 113   1              Temp=DS1302_ReadByte(DS1302_MONTH);
 114   1              DS1302_Time[1]=Temp/16*10+Temp%16;
 115   1              Temp=DS1302_ReadByte(DS1302_DATE);
C51 COMPILER V9.54   DS1302                                                                05/02/2023 15:26:32 PAGE 3   

 116   1              DS1302_Time[2]=Temp/16*10+Temp%16;
 117   1              Temp=DS1302_ReadByte(DS1302_HOUR);
 118   1              DS1302_Time[3]=Temp/16*10+Temp%16;
 119   1              Temp=DS1302_ReadByte(DS1302_MINUTE);
 120   1              DS1302_Time[4]=Temp/16*10+Temp%16;
 121   1              Temp=DS1302_ReadByte(DS1302_SECOND);
 122   1              DS1302_Time[5]=Temp/16*10+Temp%16;
 123   1              Temp=DS1302_ReadByte(DS1302_DAY);
 124   1              DS1302_Time[6]=Temp/16*10+Temp%16;
 125   1      }
 126          
 127          /**
 128            * @brief  DS1302读取时间，调用之后，DS1302中的数据会被读取到Feed_Time数组中
 129            * @param  无
 130            * @retval 无
 131            */
 132          void DS1302_ReadTime1()
 133          { 
 134   1              unsigned char Temp;
 135   1              Temp=DS1302_ReadByte(DS1302_HOUR);
 136   1              Real_Time[0]=Temp/16*10+Temp%16;
 137   1              Temp=DS1302_ReadByte(DS1302_MINUTE);
 138   1              Real_Time[1]=Temp/16*10+Temp%16;
 139   1              Temp=DS1302_ReadByte(DS1302_SECOND);
 140   1              Real_Time[2]=Temp/16*10+Temp%16;
 141   1              
 142   1      }


MODULE INFORMATION:   STATIC OVERLAYABLE
   CODE SIZE        =    755    ----
   CONSTANT SIZE    =   ----    ----
   XDATA SIZE       =   ----    ----
   PDATA SIZE       =   ----    ----
   DATA SIZE        =     10       2
   IDATA SIZE       =   ----    ----
   BIT SIZE         =   ----    ----
END OF MODULE INFORMATION.


C51 COMPILATION COMPLETE.  0 WARNING(S),  0 ERROR(S)
