C51 COMPILER V9.54   KEY                                                                   05/02/2023 15:26:32 PAGE 1   


C51 COMPILER V9.54, COMPILATION OF MODULE KEY
OBJECT MODULE PLACED IN .\Objects\Key.obj
COMPILER INVOKED BY: D:\Keil5\C51\BIN\C51.EXE Key.c OPTIMIZE(8,SPEED) BROWSE DEBUG OBJECTEXTEND PRINT(.\Listings\Key.lst
                    -) OBJECT(.\Objects\Key.obj)

line level    source

   1          #include <REGX52.H>
   2          #include "Delay.h"
   3          
   4          unsigned char Key_KeyNumber;
   5          
   6          /**
   7            * @brief  è·å–æŒ‰é”®é”®ç 
   8            * @param  æ— 
   9            * @retval æŒ‰ä¸‹æŒ‰é”®çš„é”®ç ï¼ŒèŒƒå›´ï¼š0,1~5,0è¡¨ç¤ºæ— æŒ‰é”®æŒ‰ä¸‹
  10            */
  11          unsigned char Key(void)
  12          {
  13   1              unsigned char Temp=0;
  14   1              Temp=Key_KeyNumber;
  15   1              Key_KeyNumber=0;
  16   1              return Temp;
  17   1      }
  18          
  19          /**
  20            * @brief  è·å–å½“å‰æŒ‰é”®çš„çŠ¶æ€ï¼Œæ— æ¶ˆæŠ–åŠæ¾æ‰‹æ£€æµ‹
  21            * @param  æ— 
  22            * @retval æŒ‰ä¸‹æŒ‰é”®çš„é”®ç ï¼ŒèŒƒå›´ï¼š0,1~5,0è¡¨ç¤ºæ— æŒ‰é”®æŒ‰ä¸‹
  23            */
  24          unsigned char Key_GetState()
  25          {
  26   1              unsigned char KeyNumber=0;
  27   1              
  28   1              if(P3_1==0){KeyNumber=1;}
  29   1              if(P3_0==0){KeyNumber=2;}
  30   1              if(P3_2==0){KeyNumber=3;}
  31   1              if(P3_3==0){KeyNumber=4;}
  32   1              if(P3_4==0){KeyNumber=5;}
  33   1              
  34   1              return KeyNumber;
  35   1      }
  36          
  37          /**
  38            * @brief  æŒ‰é”®é©±åŠ¨å‡½æ•°ï¼Œåœ¨ä¸­æ–­ä¸­è°ƒç”¨
  39            * @param  æ— 
  40            * @retval æ— 
  41            */
  42          void Key_Loop(void)
  43          {
  44   1              static unsigned char NowState,LastState;
  45   1              LastState=NowState;                             //æŒ‰é”®çŠ¶æ€æ›´æ–°
  46   1              NowState=Key_GetState();                //è·å–å½“å‰æŒ‰é”®çŠ¶æ€
  47   1              //å¦‚æœä¸Šä¸ªæ—¶é—´ç‚¹æŒ‰é”®æŒ‰ä¸‹ï¼Œè¿™ä¸ªæ—¶é—´ç‚¹æœªæŒ‰ä¸‹ï¼Œåˆ™æ˜¯æ¾æ‰‹ç¬é—´ï¼Œä»¥æ­¤é¿å…æŠ–åŠ¨å
             -’Œè¿›è¡Œæ¾æ‰‹æ£€æµ‹
  48   1              if(LastState==1 && NowState==0)
  49   1              {
  50   2                      Key_KeyNumber=1;
  51   2              }
  52   1              if(LastState==2 && NowState==0)
  53   1              {
C51 COMPILER V9.54   KEY                                                                   05/02/2023 15:26:32 PAGE 2   

  54   2                      Key_KeyNumber=2;
  55   2              }
  56   1              if(LastState==3 && NowState==0)
  57   1              {
  58   2                      Key_KeyNumber=3;
  59   2              }
  60   1              if(LastState==4 && NowState==0)
  61   1              {
  62   2                      Key_KeyNumber=4;
  63   2              }
  64   1              if(LastState==5 && NowState==0)
  65   1              {
  66   2                      Key_KeyNumber=5;
  67   2              }
  68   1      }


MODULE INFORMATION:   STATIC OVERLAYABLE
   CODE SIZE        =    102    ----
   CONSTANT SIZE    =   ----    ----
   XDATA SIZE       =   ----    ----
   PDATA SIZE       =   ----    ----
   DATA SIZE        =      3    ----
   IDATA SIZE       =   ----    ----
   BIT SIZE         =   ----    ----
END OF MODULE INFORMATION.


C51 COMPILATION COMPLETE.  0 WARNING(S),  0 ERROR(S)
